Base path: C:/Чисто Моя Папка!!!!/Programes/Unity/Editor/Data
Pipe name: \\.\pipe\UnityShaderCompiler-2-4892
Cmd: getPlatforms
Cmd: compileSnippet
  api=1 type=0 insize=362 outsize=145 kw= ok=1
Cmd: compileSnippet
  api=1 type=1 insize=362 outsize=189 kw= ok=1
Cmd: compileSnippet
  api=1 type=0 insize=477 outsize=199 kw=GAF_VERTICES_TRANSFORM_ON ok=1
Cmd: compileSnippet
  api=4 type=0 insize=477 outsize=1274 kw=GAF_VERTICES_TRANSFORM_OFF ok=1
Cmd: compileSnippet
  api=8 type=0 insize=477 outsize=1682 kw=GAF_VERTICES_TRANSFORM_OFF ok=1
Cmd: compileSnippet
  api=1 type=1 insize=477 outsize=118 kw=GAF_VERTICES_TRANSFORM_ON ok=1
Cmd: compileSnippet
  api=8 type=1 insize=477 outsize=1349 kw=GAF_VERTICES_TRANSFORM_OFF ok=1
Cmd: compileSnippet
  api=8 type=0 insize=354 outsize=1950 kw= ok=1
Cmd: compileSnippet
  api=0 type=1 insize=354 outsize=230 kw= ok=1
Unhandled exception: Readfile from pipe failed. GLE=Канал был закрыт.


Quitting shader compiler process
